<?xml version="1.0" encoding="UTF-8"?>
<!-- Generated by org.testng.reporters.JUnitReportReporter -->
<testsuite hostname="DESKTOP-Q1T02RD" failures="0" tests="2" name="com.crm.qa.testcases.SignInPageTC" time="9.589" errors="0" timestamp="2022-04-03T18:15:49 IST" skipped="0">
  <testcase classname="com.crm.qa.testcases.SignInPageTC" name="signInTest" time="4.115"/>
  <system-out/>
  <testcase classname="com.crm.qa.testcases.SignInPageTC" name="signInPageTitleTest" time="5.474"/>
  <system-out/>
</testsuite> <!-- com.crm.qa.testcases.SignInPageTC -->
