<?xml version="1.0" encoding="UTF-8"?>
<!-- Generated by org.testng.reporters.JUnitReportReporter -->
<testsuite hostname="DESKTOP-Q1T02RD" failures="0" tests="2" name="com.TestNG06parallelTesting.Demo1" time="33.469" errors="0" timestamp="2022-05-31T16:54:12 IST" skipped="0">
  <testcase classname="com.TestNG06parallelTesting.Demo1" name="testCase1" time="18.736"/>
  <system-out/>
  <testcase classname="com.TestNG06parallelTesting.Demo1" name="testCase2" time="14.733"/>
  <system-out/>
</testsuite> <!-- com.TestNG06parallelTesting.Demo1 -->
