<?xml version="1.0" encoding="UTF-8"?>
<!-- Generated by org.testng.reporters.JUnitReportReporter -->
<testsuite hostname="DESKTOP-Q1T02RD" failures="0" tests="4" name="testNG01.Demo02priority" time="0.024" errors="0" timestamp="2022-05-21T02:09:28 IST" skipped="0">
  <testcase classname="testNG01.Demo02priority" name="test1" time="0.013"/>
  <system-out/>
  <testcase classname="testNG01.Demo02priority" name="test3" time="0.006"/>
  <system-out/>
  <testcase classname="testNG01.Demo02priority" name="test2" time="0.003"/>
  <system-out/>
  <testcase classname="testNG01.Demo02priority" name="test4" time="0.002"/>
  <system-out/>
</testsuite> <!-- testNG01.Demo02priority -->
