<?xml version="1.0" encoding="UTF-8"?>
<!-- Generated by org.testng.reporters.JUnitReportReporter -->
<testsuite hostname="DESKTOP-Q1T02RD" failures="0" tests="1" name="com.TestNG03xml.XML01generate" time="0.646" errors="0" timestamp="2022-05-26T15:33:35 IST" skipped="0">
  <testcase classname="com.TestNG03xml.XML01generate" name="titleTest" time="0.646"/>
  <system-out/>
</testsuite> <!-- com.TestNG03xml.XML01generate -->
