<?xml version="1.0" encoding="UTF-8"?>
<!-- Generated by org.testng.reporters.JUnitReportReporter -->
<testsuite hostname="DESKTOP-Q1T02RD" failures="0" tests="4" name="com.TestNG04orangeHRM.ActiTime" time="5.051" errors="0" timestamp="2022-05-26T21:51:25 IST" skipped="0">
  <testcase classname="com.TestNG04orangeHRM.ActiTime" name="launchApp" time="0.828"/>
  <system-out/>
  <testcase classname="com.TestNG04orangeHRM.ActiTime" name="logInTest" time="3.855"/>
  <system-out/>
  <testcase classname="com.TestNG04orangeHRM.ActiTime" name="titleTest" time="0.014"/>
  <system-out/>
  <testcase classname="com.TestNG04orangeHRM.ActiTime" name="logoutTest" time="0.354"/>
  <system-out/>
</testsuite> <!-- com.TestNG04orangeHRM.ActiTime -->
