<?xml version="1.0" encoding="UTF-8"?>
<!-- Generated by org.testng.reporters.JUnitReportReporter -->
<testsuite hostname="DESKTOP-Q1T02RD" failures="0" tests="4" name="testNG01.Demo09invocationCount" time="0.430" errors="0" timestamp="2022-05-26T01:36:08 IST" skipped="0">
  <testcase classname="testNG01.Demo09invocationCount" name="titleTest1" time="0.018"/>
  <system-out/>
  <testcase classname="testNG01.Demo09invocationCount" name="titleTest2" time="0.058"/>
  <system-out/>
  <testcase classname="testNG01.Demo09invocationCount" name="titleTest1" time="0.024"/>
  <system-out/>
  <testcase classname="testNG01.Demo09invocationCount" name="titleTest1" time="0.330"/>
  <system-out/>
</testsuite> <!-- testNG01.Demo09invocationCount -->
