<?xml version="1.0" encoding="UTF-8"?>
<!-- Generated by org.testng.reporters.JUnitReportReporter -->
<testsuite hostname="DESKTOP-Q1T02RD" failures="0" tests="2" name="testNG01.Demo10TestAtClassLevel" time="0.458" errors="0" timestamp="2022-05-26T01:40:47 IST" skipped="0">
  <testcase classname="testNG01.Demo10TestAtClassLevel" name="titleTest1" time="0.406"/>
  <system-out/>
  <testcase classname="testNG01.Demo10TestAtClassLevel" name="titleTest2" time="0.052"/>
  <system-out/>
</testsuite> <!-- testNG01.Demo10TestAtClassLevel -->
