<?xml version="1.0" encoding="UTF-8"?>
<!-- Generated by org.testng.reporters.JUnitReportReporter -->
<testsuite hostname="DESKTOP-Q1T02RD" failures="0" tests="3" name="com.TestNG04.ActiTime" time="3.000" errors="0" timestamp="2022-05-26T23:48:41 IST" skipped="0">
  <testcase classname="com.TestNG04.ActiTime" name="launchApp" time="0.922"/>
  <system-out/>
  <testcase classname="com.TestNG04.ActiTime" name="logInTest" time="1.819"/>
  <system-out/>
  <testcase classname="com.TestNG04.ActiTime" name="logoutTest" time="0.259"/>
  <system-out/>
</testsuite> <!-- com.TestNG04.ActiTime -->
