<?xml version="1.0" encoding="UTF-8"?>
<!-- Generated by org.testng.reporters.JUnitReportReporter -->
<testsuite hostname="DESKTOP-Q1T02RD" failures="0" tests="1" name="com.TestNG06parallelTesting.Demo2a" time="0.025" errors="0" timestamp="2022-05-31T17:27:40 IST" skipped="0">
  <testcase classname="com.TestNG06parallelTesting.Demo2a" name="testcase2a" time="0.025"/>
  <system-out/>
</testsuite> <!-- com.TestNG06parallelTesting.Demo2a -->
