<?xml version="1.0" encoding="UTF-8"?>
<!-- Generated by org.testng.reporters.JUnitReportReporter -->
<testsuite hostname="DESKTOP-Q1T02RD" failures="0" tests="2" name="com.testNG05parameterization02.TestWithDataProviderAnno" time="2.786" errors="0" timestamp="2022-05-29T21:19:33 IST" skipped="0">
  <testcase classname="com.testNG05parameterization02.TestWithDataProviderAnno" name="launchApp" time="0.830"/>
  <system-out/>
  <testcase classname="com.testNG05parameterization02.TestWithDataProviderAnno" name="logInTest" time="1.956"/>
  <system-out/>
</testsuite> <!-- com.testNG05parameterization02.TestWithDataProviderAnno -->
