<?xml version="1.0" encoding="UTF-8"?>
<!-- Generated by org.testng.reporters.JUnitReportReporter -->
<testsuite hostname="DESKTOP-Q1T02RD" failures="0" tests="2" name="com.TestNG08runFailedTC01.FailedTC02" time="0.029" errors="0" timestamp="2022-06-01T01:11:20 IST" skipped="0">
  <testcase classname="com.TestNG08runFailedTC01.FailedTC02" name="testCase4" time="0.006"/>
  <system-out/>
  <testcase classname="com.TestNG08runFailedTC01.FailedTC02" name="testCase3" time="0.023"/>
  <system-out/>
</testsuite> <!-- com.TestNG08runFailedTC01.FailedTC02 -->
