<?xml version="1.0" encoding="UTF-8"?>
<!-- Generated by org.testng.reporters.JUnitReportReporter -->
<testsuite hostname="DESKTOP-Q1T02RD" failures="0" tests="1" name="testNG01.Demo03description" time="0.221" errors="0" timestamp="2022-05-25T23:57:16 IST" skipped="0">
  <testcase classname="testNG01.Demo03description" name="titleTest" time="0.221"/>
  <system-out/>
</testsuite> <!-- testNG01.Demo03description -->
