<?xml version="1.0" encoding="UTF-8"?>
<!-- Generated by org.testng.reporters.JUnitReportReporter -->
<testsuite hostname="DESKTOP-Q1T02RD" failures="0" tests="1" name="testNG01.Demo01sampleTestNGProgram" time="0.446" errors="0" timestamp="2022-05-21T01:11:08 IST" skipped="0">
  <testcase classname="testNG01.Demo01sampleTestNGProgram" name="titleTest0" time="0.446"/>
  <system-out/>
</testsuite> <!-- testNG01.Demo01sampleTestNGProgram -->
