<?xml version="1.0" encoding="UTF-8"?>
<!-- Generated by org.testng.reporters.JUnitReportReporter -->
<testsuite hostname="DESKTOP-Q1T02RD" failures="0" tests="2" name="testNG01.Demo06enable" time="0.441" errors="0" timestamp="2022-05-26T01:21:47 IST" skipped="1">
  <testcase classname="testNG01.Demo06enable" name="titleTest1" time="0.441"/>
  <system-out/>
  <testcase classname="testNG01.Demo06enable" name="titleTest2">
    <skipped/>
  </testcase> <!-- titleTest2 -->
  <system-out/>
</testsuite> <!-- testNG01.Demo06enable -->
