<?xml version="1.0" encoding="UTF-8"?>
<!-- Generated by org.testng.reporters.JUnitReportReporter -->
<testsuite hostname="DESKTOP-Q1T02RD" failures="0" tests="2" name="com.TestNG06parallelTesting.ParallelDemo" time="30.429" errors="0" timestamp="2022-05-31T15:59:24 IST" skipped="0">
  <testcase classname="com.TestNG06parallelTesting.ParallelDemo" name="testCase2" time="13.466"/>
  <system-out/>
  <testcase classname="com.TestNG06parallelTesting.ParallelDemo" name="testCase1" time="16.963"/>
  <system-out/>
</testsuite> <!-- com.TestNG06parallelTesting.ParallelDemo -->
