<?xml version="1.0" encoding="UTF-8"?>
<!-- Generated by org.testng.reporters.JUnitReportReporter -->
<testsuite hostname="DESKTOP-Q1T02RD" failures="0" tests="2" name="com.testNG05parameterization.WithParametersAnno" time="5.494" errors="0" timestamp="2022-05-29T15:30:19 IST" skipped="0">
  <testcase classname="com.testNG05parameterization.WithParametersAnno" name="launchApp" time="1.127"/>
  <system-out/>
  <testcase classname="com.testNG05parameterization.WithParametersAnno" name="logInTest" time="4.367"/>
  <system-out/>
</testsuite> <!-- com.testNG05parameterization.WithParametersAnno -->
