<?xml version="1.0" encoding="UTF-8"?>
<!-- Generated by org.testng.reporters.JUnitReportReporter -->
<testsuite hostname="DESKTOP-Q1T02RD" failures="0" tests="2" name="com.TestNG06parallelTesting.Demo4" time="0.026" errors="0" timestamp="2022-05-31T17:50:47 IST" skipped="0">
  <testcase classname="com.TestNG06parallelTesting.Demo4" name="testcase41" time="0.019"/>
  <system-out/>
  <testcase classname="com.TestNG06parallelTesting.Demo4" name="testcase42" time="0.007"/>
  <system-out/>
</testsuite> <!-- com.TestNG06parallelTesting.Demo4 -->
