<?xml version="1.0" encoding="UTF-8"?>
<!-- Generated by org.testng.reporters.JUnitReportReporter -->
<testsuite hostname="DESKTOP-Q1T02RD" failures="0" tests="2" name="com.TestNG06parallelTesting.Demo3b" time="0.030" errors="0" timestamp="2022-05-31T17:35:26 IST" skipped="0">
  <testcase classname="com.TestNG06parallelTesting.Demo3b" name="testcase3b2" time="0.009"/>
  <system-out/>
  <testcase classname="com.TestNG06parallelTesting.Demo3b" name="testcase3b1" time="0.021"/>
  <system-out/>
</testsuite> <!-- com.TestNG06parallelTesting.Demo3b -->
