<?xml version="1.0" encoding="UTF-8"?>
<!-- Generated by org.testng.reporters.JUnitReportReporter -->
<testsuite hostname="DESKTOP-Q1T02RD" failures="0" tests="2" name="com.TestNG07crossbrowserTesting.CrossBrowserDemo1" time="23.393" errors="0" timestamp="2022-05-31T20:44:50 IST" skipped="0">
  <testcase classname="com.TestNG07crossbrowserTesting.CrossBrowserDemo1" name="launchApp" time="15.153"/>
  <system-out/>
  <testcase classname="com.TestNG07crossbrowserTesting.CrossBrowserDemo1" name="launchApp" time="8.240"/>
  <system-out/>
</testsuite> <!-- com.TestNG07crossbrowserTesting.CrossBrowserDemo1 -->
