<?xml version="1.0" encoding="UTF-8"?>
<!-- Generated by org.testng.reporters.JUnitReportReporter -->
<testsuite hostname="DESKTOP-Q1T02RD" failures="0" tests="1" name="com.TestNG01.Demo01sampleTestNGProgram" time="0.376" errors="0" timestamp="2022-06-15T23:27:59 IST" skipped="0">
  <testcase classname="com.TestNG01.Demo01sampleTestNGProgram" name="titleTest0" time="0.376"/>
  <system-out/>
</testsuite> <!-- com.TestNG01.Demo01sampleTestNGProgram -->
