<?xml version="1.0" encoding="UTF-8"?>
<!-- Generated by org.testng.reporters.JUnitReportReporter -->
<testsuite hostname="DESKTOP-Q1T02RD" failures="0" tests="6" name="com.TestNG06parallelTesting.Demo5" time="0.113" errors="0" timestamp="2022-05-31T17:58:08 IST" skipped="0">
  <testcase classname="com.TestNG06parallelTesting.Demo5" name="testcase51" time="0.031"/>
  <system-out/>
  <testcase classname="com.TestNG06parallelTesting.Demo5" name="testcase51" time="0.032"/>
  <system-out/>
  <testcase classname="com.TestNG06parallelTesting.Demo5" name="testcase51" time="0.031"/>
  <system-out/>
  <testcase classname="com.TestNG06parallelTesting.Demo5" name="testcase52" time="0.007"/>
  <system-out/>
  <testcase classname="com.TestNG06parallelTesting.Demo5" name="testcase52" time="0.004"/>
  <system-out/>
  <testcase classname="com.TestNG06parallelTesting.Demo5" name="testcase52" time="0.008"/>
  <system-out/>
</testsuite> <!-- com.TestNG06parallelTesting.Demo5 -->
