<?xml version="1.0" encoding="UTF-8"?>
<!-- Generated by org.testng.reporters.JUnitReportReporter -->
<testsuite hostname="DESKTOP-Q1T02RD" failures="0" tests="1" name="p.TestNG1.TC1_Annotations" time="0.029" errors="0" timestamp="2022-03-28T00:50:36 IST" skipped="0">
  <testcase classname="p.TestNG1.TC1_Annotations" name="verifyHomepageTitle" time="0.029"/>
  <system-out/>
</testsuite> <!-- p.TestNG1.TC1_Annotations -->
