<?xml version="1.0" encoding="UTF-8"?>
<!-- Generated by org.testng.reporters.JUnitReportReporter -->
<testsuite hostname="DESKTOP-Q1T02RD" failures="0" tests="3" name="dataDrivenTest.HalfEbayTest" time="31.070" errors="0" timestamp="2022-04-01T17:12:23 IST" skipped="0">
  <testcase classname="dataDrivenTest.HalfEbayTest" name="halfEbayRegPageTest" time="12.513"/>
  <system-out/>
  <testcase classname="dataDrivenTest.HalfEbayTest" name="halfEbayRegPageTest" time="9.378"/>
  <system-out/>
  <testcase classname="dataDrivenTest.HalfEbayTest" name="halfEbayRegPageTest" time="9.179"/>
  <system-out/>
</testsuite> <!-- dataDrivenTest.HalfEbayTest -->
