<?xml version="1.0" encoding="UTF-8"?>
<!-- Generated by org.testng.reporters.JUnitReportReporter -->
<testsuite hostname="DESKTOP-Q1T02RD" failures="0" tests="1" name="testNG_3.TC1_ParameterAnnotation" time="7.661" errors="0" timestamp="2022-03-29T16:35:24 IST" skipped="0">
  <testcase classname="testNG_3.TC1_ParameterAnnotation" name="yahooLogInTest" time="7.661"/>
  <system-out/>
</testsuite> <!-- testNG_3.TC1_ParameterAnnotation -->
