<?xml version="1.0" encoding="UTF-8"?>
<!-- Generated by org.testng.reporters.JUnitReportReporter -->
<testsuite hostname="DESKTOP-Q1T02RD" failures="0" tests="1" name="testNG_1_2.TC6_expectedException" time="0.002" errors="0" timestamp="2022-03-30T20:32:02 IST" skipped="0">
  <testcase classname="testNG_1_2.TC6_expectedException" name="handleException" time="0.002"/>
  <system-out/>
</testsuite> <!-- testNG_1_2.TC6_expectedException -->
