<?xml version="1.0" encoding="UTF-8"?>
<!-- Generated by org.testng.reporters.JUnitReportReporter -->
<testsuite hostname="DESKTOP-Q1T02RD" failures="0" tests="2" name="com.TestNG1.TC1_Annotation_TestNGBasics" time="0.016" errors="0" timestamp="2022-03-29T03:39:33 IST" skipped="0">
  <testcase classname="com.TestNG1.TC1_Annotation_TestNGBasics" name="googleLogo" time="0.012"/>
  <system-out/>
  <testcase classname="com.TestNG1.TC1_Annotation_TestNGBasics" name="searchText" time="0.004"/>
  <system-out/>
</testsuite> <!-- com.TestNG1.TC1_Annotation_TestNGBasics -->
