<?xml version="1.0" encoding="UTF-8"?>
<!-- Generated by org.testng.reporters.JUnitReportReporter -->
<testsuite hostname="DESKTOP-Q1T02RD" failures="0" tests="2" name="com.TestNG1.TestNGBasics" time="0.019" errors="0" timestamp="2022-03-28T14:46:52 IST" skipped="0">
  <testcase classname="com.TestNG1.TestNGBasics" name="searchText" time="0.007"/>
  <system-out/>
  <testcase classname="com.TestNG1.TestNGBasics" name="googleLogo" time="0.012"/>
  <system-out/>
</testsuite> <!-- com.TestNG1.TestNGBasics -->
