<?xml version="1.0" encoding="UTF-8"?>
<!-- Generated by org.testng.reporters.JUnitReportReporter -->
<testsuite hostname="DESKTOP-Q1T02RD" failures="0" tests="10" name="testNG_1_2.TC5_invocationCount" time="0.011" errors="0" timestamp="2022-03-30T20:32:02 IST" skipped="0">
  <testcase classname="testNG_1_2.TC5_invocationCount" name="sum" time="0.001"/>
  <system-out/>
  <testcase classname="testNG_1_2.TC5_invocationCount" name="sum" time="0.001"/>
  <system-out/>
  <testcase classname="testNG_1_2.TC5_invocationCount" name="sum" time="0.002"/>
  <system-out/>
  <testcase classname="testNG_1_2.TC5_invocationCount" name="sum" time="0.001"/>
  <system-out/>
  <testcase classname="testNG_1_2.TC5_invocationCount" name="sum" time="0.001"/>
  <system-out/>
  <testcase classname="testNG_1_2.TC5_invocationCount" name="sum" time="0.001"/>
  <system-out/>
  <testcase classname="testNG_1_2.TC5_invocationCount" name="sum" time="0.001"/>
  <system-out/>
  <testcase classname="testNG_1_2.TC5_invocationCount" name="sum" time="0.001"/>
  <system-out/>
  <testcase classname="testNG_1_2.TC5_invocationCount" name="sum" time="0.001"/>
  <system-out/>
  <testcase classname="testNG_1_2.TC5_invocationCount" name="sum" time="0.001"/>
  <system-out/>
</testsuite> <!-- testNG_1_2.TC5_invocationCount -->
