<?xml version="1.0" encoding="UTF-8"?>
<!-- Generated by org.testng.reporters.JUnitReportReporter -->
<testsuite hostname="DESKTOP-Q1T02RD" failures="0" tests="2" name="testNG_1_2.TC1_Annotation_TestNGBasics" time="0.023" errors="0" timestamp="2022-05-19T18:39:31 IST" skipped="0">
  <testcase classname="testNG_1_2.TC1_Annotation_TestNGBasics" name="searchText" time="0.006"/>
  <system-out/>
  <testcase classname="testNG_1_2.TC1_Annotation_TestNGBasics" name="googleLogo" time="0.017"/>
  <system-out/>
</testsuite> <!-- testNG_1_2.TC1_Annotation_TestNGBasics -->
