<?xml version="1.0" encoding="UTF-8"?>
<!-- Generated by org.testng.reporters.JUnitReportReporter -->
<testsuite hostname="DESKTOP-Q1T02RD" failures="0" tests="10" name="com.TestNG1.TC5_invocationCount" time="0.011" errors="0" timestamp="2022-03-29T03:39:33 IST" skipped="0">
  <testcase classname="com.TestNG1.TC5_invocationCount" name="sum" time="0.001"/>
  <system-out/>
  <testcase classname="com.TestNG1.TC5_invocationCount" name="sum" time="0.002"/>
  <system-out/>
  <testcase classname="com.TestNG1.TC5_invocationCount" name="sum" time="0.001"/>
  <system-out/>
  <testcase classname="com.TestNG1.TC5_invocationCount" name="sum" time="0.001"/>
  <system-out/>
  <testcase classname="com.TestNG1.TC5_invocationCount" name="sum" time="0.001"/>
  <system-out/>
  <testcase classname="com.TestNG1.TC5_invocationCount" name="sum" time="0.001"/>
  <system-out/>
  <testcase classname="com.TestNG1.TC5_invocationCount" name="sum" time="0.001"/>
  <system-out/>
  <testcase classname="com.TestNG1.TC5_invocationCount" name="sum" time="0.001"/>
  <system-out/>
  <testcase classname="com.TestNG1.TC5_invocationCount" name="sum" time="0.001"/>
  <system-out/>
  <testcase classname="com.TestNG1.TC5_invocationCount" name="sum" time="0.001"/>
  <system-out/>
</testsuite> <!-- com.TestNG1.TC5_invocationCount -->
