<?xml version="1.0" encoding="UTF-8"?>
<!-- Generated by org.testng.reporters.JUnitReportReporter -->
<testsuite hostname="DESKTOP-Q1T02RD" failures="0" tests="1" name="com.TestNG1.TC6_expectedException" time="0.002" errors="0" timestamp="2022-03-29T03:39:33 IST" skipped="0">
  <testcase classname="com.TestNG1.TC6_expectedException" name="handleException" time="0.002"/>
  <system-out/>
</testsuite> <!-- com.TestNG1.TC6_expectedException -->
